[     161ms] [LOG] [Fast Refresh] rebuilding @ http://localhost:3000/_next/static/chunks/03qy_next_dist_0crlga7._.js:2431
[    2019ms] [LOG] [Fast Refresh] done in 1973ms @ http://localhost:3000/_next/static/chunks/03qy_next_dist_0crlga7._.js:2431
[    2901ms] [INFO] %cDownload the React DevTools for a better development experience: https://react.dev/link/react-devtools font-weight:bold @ http://localhost:3000/_next/static/chunks/03qy_next_dist_0crlga7._.js:2431
[    3106ms] [LOG] [HMR] connected @ http://localhost:3000/_next/static/chunks/03qy_next_dist_0crlga7._.js:2431
[    3729ms] [LOG] [Fast Refresh] rebuilding @ http://localhost:3000/_next/static/chunks/03qy_next_dist_0crlga7._.js:2431
[    4448ms] [LOG] [Fast Refresh] done in 866ms @ http://localhost:3000/_next/static/chunks/03qy_next_dist_0crlga7._.js:2431
[    5364ms] [LOG] [Fast Refresh] rebuilding @ http://localhost:3000/_next/static/chunks/03qy_next_dist_0crlga7._.js:2431
[    5447ms] [LOG] [Fast Refresh] done in 191ms @ http://localhost:3000/_next/static/chunks/03qy_next_dist_0crlga7._.js:2431
[    6425ms] [ERROR] Failed to load resource: net::ERR_CONNECTION_CLOSED @ https://via.placeholder.com/800x400:0
[    6611ms] [LOG] [Fast Refresh] rebuilding @ http://localhost:3000/_next/static/chunks/03qy_next_dist_0crlga7._.js:2431
[    7074ms] [LOG] [Fast Refresh] done in 568ms @ http://localhost:3000/_next/static/chunks/03qy_next_dist_0crlga7._.js:2431
[    9939ms] [WARNING] The resource http://localhost:3000/_next/static/media/caa3a2e1cccd8315-s.p.16t1db8_9y2o~.woff2 was preloaded using link preload but not used within a few seconds from the window's load event. Please make sure it has an appropriate `as` value and it is preloaded intentionally. @ http://localhost:3000/dev/markdown-editor:0
[    9939ms] [WARNING] The resource http://localhost:3000/_next/static/media/797e433ab948586e-s.p.0.q-h669a_dqa.woff2 was preloaded using link preload but not used within a few seconds from the window's load event. Please make sure it has an appropriate `as` value and it is preloaded intentionally. @ http://localhost:3000/dev/markdown-editor:0
[   14592ms] [LOG] [Fast Refresh] rebuilding @ http://localhost:3000/_next/static/chunks/03qy_next_dist_0crlga7._.js:2431
[   14673ms] [LOG] [Fast Refresh] done in 184ms @ http://localhost:3000/_next/static/chunks/03qy_next_dist_0crlga7._.js:2431
[   21841ms] [LOG] [Fast Refresh] rebuilding @ http://localhost:3000/_next/static/chunks/03qy_next_dist_0crlga7._.js:2431
[   21937ms] [LOG] [Fast Refresh] done in 204ms @ http://localhost:3000/_next/static/chunks/03qy_next_dist_0crlga7._.js:2431
[   30340ms] [LOG] [Fast Refresh] rebuilding @ http://localhost:3000/_next/static/chunks/03qy_next_dist_0crlga7._.js:2431
[   30520ms] [LOG] [Fast Refresh] done in 282ms @ http://localhost:3000/_next/static/chunks/03qy_next_dist_0crlga7._.js:2431
[  128553ms] [LOG] [Fast Refresh] rebuilding @ http://localhost:3000/_next/static/chunks/03qy_next_dist_0crlga7._.js:2431
[  129275ms] [LOG] [Fast Refresh] done in 833ms @ http://localhost:3000/_next/static/chunks/03qy_next_dist_0crlga7._.js:2431
[  131866ms] [WARNING] The resource http://localhost:3000/_next/static/media/caa3a2e1cccd8315-s.p.16t1db8_9y2o~.woff2 was preloaded using link preload but not used within a few seconds from the window's load event. Please make sure it has an appropriate `as` value and it is preloaded intentionally. @ http://localhost:3000/dev/markdown-editor:0
[  131867ms] [WARNING] The resource http://localhost:3000/_next/static/media/797e433ab948586e-s.p.0.q-h669a_dqa.woff2 was preloaded using link preload but not used within a few seconds from the window's load event. Please make sure it has an appropriate `as` value and it is preloaded intentionally. @ http://localhost:3000/dev/markdown-editor:0
[  707024ms] [LOG] [Fast Refresh] rebuilding @ http://localhost:3000/_next/static/chunks/03qy_next_dist_0crlga7._.js:2431
[  707343ms] [LOG] [Fast Refresh] done in 394ms @ http://localhost:3000/_next/static/chunks/03qy_next_dist_0crlga7._.js:2431
[  725753ms] [LOG] [Fast Refresh] rebuilding @ http://localhost:3000/_next/static/chunks/03qy_next_dist_0crlga7._.js:2431
[  725821ms] [LOG] [Fast Refresh] done in 183ms @ http://localhost:3000/_next/static/chunks/03qy_next_dist_0crlga7._.js:2431
[ 1123717ms] [LOG] [Fast Refresh] rebuilding @ http://localhost:3000/_next/static/chunks/03qy_next_dist_0crlga7._.js:2431
[ 1123780ms] [LOG] [Fast Refresh] done in 138ms @ http://localhost:3000/_next/static/chunks/03qy_next_dist_0crlga7._.js:2431
[ 1141739ms] [LOG] [Fast Refresh] rebuilding @ http://localhost:3000/_next/static/chunks/03qy_next_dist_0crlga7._.js:2431
[ 1141803ms] [LOG] [Fast Refresh] done in 139ms @ http://localhost:3000/_next/static/chunks/03qy_next_dist_0crlga7._.js:2431
[ 1281023ms] [LOG] [Fast Refresh] rebuilding @ http://localhost:3000/_next/static/chunks/03qy_next_dist_0crlga7._.js:2431
[ 1281087ms] [LOG] [Fast Refresh] done in 125ms @ http://localhost:3000/_next/static/chunks/03qy_next_dist_0crlga7._.js:2431
[ 1288205ms] [LOG] [Fast Refresh] rebuilding @ http://localhost:3000/_next/static/chunks/03qy_next_dist_0crlga7._.js:2431
[ 1288281ms] [LOG] [Fast Refresh] done in 185ms @ http://localhost:3000/_next/static/chunks/03qy_next_dist_0crlga7._.js:2431
[ 1296950ms] [LOG] [Fast Refresh] rebuilding @ http://localhost:3000/_next/static/chunks/03qy_next_dist_0crlga7._.js:2431
[ 1297018ms] [LOG] [Fast Refresh] done in 173ms @ http://localhost:3000/_next/static/chunks/03qy_next_dist_0crlga7._.js:2431
[ 1309209ms] [LOG] [Fast Refresh] rebuilding @ http://localhost:3000/_next/static/chunks/03qy_next_dist_0crlga7._.js:2431
[ 1309494ms] [LOG] [Fast Refresh] done in 389ms @ http://localhost:3000/_next/static/chunks/03qy_next_dist_0crlga7._.js:2431
[ 1469146ms] [LOG] [Fast Refresh] rebuilding @ http://localhost:3000/_next/static/chunks/03qy_next_dist_0crlga7._.js:2431
[ 1469287ms] [LOG] [Fast Refresh] done in 218ms @ http://localhost:3000/_next/static/chunks/03qy_next_dist_0crlga7._.js:2431
[ 1483461ms] [LOG] [Fast Refresh] rebuilding @ http://localhost:3000/_next/static/chunks/03qy_next_dist_0crlga7._.js:2431
[ 1483532ms] [LOG] [Fast Refresh] done in 172ms @ http://localhost:3000/_next/static/chunks/03qy_next_dist_0crlga7._.js:2431
[ 1624644ms] [LOG] [Fast Refresh] rebuilding @ http://localhost:3000/_next/static/chunks/03qy_next_dist_0crlga7._.js:2431
[ 1624661ms] [LOG] [Fast Refresh] done in 123ms @ http://localhost:3000/_next/static/chunks/03qy_next_dist_0crlga7._.js:2431
[ 1779595ms] [LOG] [Fast Refresh] rebuilding @ http://localhost:3000/_next/static/chunks/03qy_next_dist_0crlga7._.js:2431
[ 1779596ms] [LOG] [Fast Refresh] done in 107ms @ http://localhost:3000/_next/static/chunks/03qy_next_dist_0crlga7._.js:2431
