[     128ms] [LOG] [Fast Refresh] rebuilding @ http://localhost:3000/_next/static/chunks/03qy_next_dist_0crlga7._.js:2431
[     545ms] [LOG] [Fast Refresh] done in 526ms @ http://localhost:3000/_next/static/chunks/03qy_next_dist_0crlga7._.js:2431
[     642ms] [VERBOSE] [DOM] Input elements should have autocomplete attributes (suggested: "new-password"): (More info: https://goo.gl/9p2vKq) %o @ http://localhost:3000/register:0
[     642ms] [VERBOSE] [DOM] Input elements should have autocomplete attributes (suggested: "new-password"): (More info: https://goo.gl/9p2vKq) %o @ http://localhost:3000/register:0
[     711ms] [INFO] %cDownload the React DevTools for a better development experience: https://react.dev/link/react-devtools font-weight:bold @ http://localhost:3000/_next/static/chunks/03qy_next_dist_0crlga7._.js:2431
[     753ms] [LOG] [HMR] connected @ http://localhost:3000/_next/static/chunks/03qy_next_dist_0crlga7._.js:2431
[     966ms] [LOG] [Fast Refresh] rebuilding @ http://localhost:3000/_next/static/chunks/03qy_next_dist_0crlga7._.js:2431
[    1028ms] [LOG] [Fast Refresh] done in 166ms @ http://localhost:3000/_next/static/chunks/03qy_next_dist_0crlga7._.js:2431
[   11852ms] [ERROR] Access to XMLHttpRequest at 'http://localhost:8000/api/auth/signup' from origin 'http://localhost:3000' has been blocked by CORS policy: No 'Access-Control-Allow-Origin' header is present on the requested resource. @ http://localhost:3000/register:0
[   11853ms] [ERROR] Failed to load resource: net::ERR_FAILED @ http://localhost:8000/api/auth/signup:0
[   73232ms] [LOG] [Fast Refresh] rebuilding @ http://localhost:3000/_next/static/chunks/03qy_next_dist_0crlga7._.js:2431
[   73233ms] [LOG] [Fast Refresh] done in 108ms @ http://localhost:3000/_next/static/chunks/03qy_next_dist_0crlga7._.js:2431
[   95762ms] [LOG] [Fast Refresh] rebuilding @ http://localhost:3000/_next/static/chunks/03qy_next_dist_0crlga7._.js:2431
[   95779ms] [LOG] [Fast Refresh] done in 122ms @ http://localhost:3000/_next/static/chunks/03qy_next_dist_0crlga7._.js:2431
[  313026ms] [LOG] [Fast Refresh] rebuilding @ http://localhost:3000/_next/static/chunks/03qy_next_dist_0crlga7._.js:2431
[  313042ms] [LOG] [Fast Refresh] done in 120ms @ http://localhost:3000/_next/static/chunks/03qy_next_dist_0crlga7._.js:2431
[  339142ms] [LOG] [Fast Refresh] rebuilding @ http://localhost:3000/_next/static/chunks/03qy_next_dist_0crlga7._.js:2431
[  339163ms] [LOG] [Fast Refresh] done in 123ms @ http://localhost:3000/_next/static/chunks/03qy_next_dist_0crlga7._.js:2431
[  369794ms] [ERROR] Access to XMLHttpRequest at 'http://localhost:8000/api/auth/signup' from origin 'http://localhost:3000' has been blocked by CORS policy: No 'Access-Control-Allow-Origin' header is present on the requested resource. @ http://localhost:3000/register:0
[  369795ms] [ERROR] Failed to load resource: net::ERR_FAILED @ http://localhost:8000/api/auth/signup:0
[  370580ms] [ERROR] Access to XMLHttpRequest at 'http://localhost:8000/api/auth/signup' from origin 'http://localhost:3000' has been blocked by CORS policy: No 'Access-Control-Allow-Origin' header is present on the requested resource. @ http://localhost:3000/register:0
[  370580ms] [ERROR] Failed to load resource: net::ERR_FAILED @ http://localhost:8000/api/auth/signup:0
[  371598ms] [ERROR] Access to XMLHttpRequest at 'http://localhost:8000/api/auth/signup' from origin 'http://localhost:3000' has been blocked by CORS policy: No 'Access-Control-Allow-Origin' header is present on the requested resource. @ http://localhost:3000/register:0
[  371599ms] [ERROR] Failed to load resource: net::ERR_FAILED @ http://localhost:8000/api/auth/signup:0
[  381466ms] [ERROR] Access to XMLHttpRequest at 'http://localhost:8000/api/auth/signup' from origin 'http://localhost:3000' has been blocked by CORS policy: No 'Access-Control-Allow-Origin' header is present on the requested resource. @ http://localhost:3000/register:0
[  381466ms] [ERROR] Failed to load resource: net::ERR_FAILED @ http://localhost:8000/api/auth/signup:0
[  397415ms] [ERROR] Access to XMLHttpRequest at 'http://localhost:8000/api/auth/signup' from origin 'http://localhost:3000' has been blocked by CORS policy: No 'Access-Control-Allow-Origin' header is present on the requested resource. @ http://localhost:3000/register:0
[  397416ms] [ERROR] Failed to load resource: net::ERR_FAILED @ http://localhost:8000/api/auth/signup:0
[  432678ms] [LOG] [Fast Refresh] rebuilding @ http://localhost:3000/_next/static/chunks/03qy_next_dist_0crlga7._.js:2431
[  432742ms] [LOG] [Fast Refresh] done in 167ms @ http://localhost:3000/_next/static/chunks/03qy_next_dist_0crlga7._.js:2431
