[     131ms] [LOG] [Fast Refresh] rebuilding @ http://localhost:3000/_next/static/chunks/03qy_next_dist_0crlga7._.js:2431
[     153ms] [LOG] [Fast Refresh] done in 131ms @ http://localhost:3000/_next/static/chunks/03qy_next_dist_0crlga7._.js:2431
[     349ms] [INFO] %cDownload the React DevTools for a better development experience: https://react.dev/link/react-devtools font-weight:bold @ http://localhost:3000/_next/static/chunks/03qy_next_dist_0crlga7._.js:2431
[     410ms] [LOG] [HMR] connected @ http://localhost:3000/_next/static/chunks/03qy_next_dist_0crlga7._.js:2431
[     500ms] [ERROR] Failed to load resource: the server responded with a status of 400 (Bad Request) @ http://localhost:3000/_next/image?url=https%3A%2F%2Fapi.dicebear.com%2F7.x%2Favataaars%2Fsvg%3Fseed%3Dalice&w=32&q=75:0
[     507ms] [ERROR] Failed to load resource: the server responded with a status of 400 (Bad Request) @ http://localhost:3000/_next/image?url=https%3A%2F%2Fapi.dicebear.com%2F7.x%2Favataaars%2Fsvg%3Fseed%3Dbob&w=32&q=75:0
[     541ms] [ERROR] Failed to load resource: the server responded with a status of 400 (Bad Request) @ http://localhost:3000/_next/image?url=https%3A%2F%2Fapi.dicebear.com%2F7.x%2Favataaars%2Fsvg%3Fseed%3Dcharlie&w=32&q=75:0
[     551ms] [ERROR] Failed to load resource: the server responded with a status of 400 (Bad Request) @ http://localhost:3000/_next/image?url=https%3A%2F%2Fapi.dicebear.com%2F7.x%2Favataaars%2Fsvg%3Fseed%3Ddeleted&w=32&q=75:0
[     589ms] [ERROR] Failed to load resource: the server responded with a status of 400 (Bad Request) @ http://localhost:3000/_next/image?url=https%3A%2F%2Fapi.dicebear.com%2F7.x%2Favataaars%2Fsvg%3Fseed%3Deve&w=32&q=75:0
[     783ms] [LOG] [Fast Refresh] rebuilding @ http://localhost:3000/_next/static/chunks/03qy_next_dist_0crlga7._.js:2431
[     923ms] [LOG] [Fast Refresh] done in 241ms @ http://localhost:3000/_next/static/chunks/03qy_next_dist_0crlga7._.js:2431
[    3594ms] [WARNING] The resource http://localhost:3000/_next/static/media/caa3a2e1cccd8315-s.p.16t1db8_9y2o~.woff2 was preloaded using link preload but not used within a few seconds from the window's load event. Please make sure it has an appropriate `as` value and it is preloaded intentionally. @ http://localhost:3000/dev/comments:0
[    3594ms] [WARNING] The resource http://localhost:3000/_next/static/media/797e433ab948586e-s.p.0.q-h669a_dqa.woff2 was preloaded using link preload but not used within a few seconds from the window's load event. Please make sure it has an appropriate `as` value and it is preloaded intentionally. @ http://localhost:3000/dev/comments:0
[    7049ms] [LOG] [Fast Refresh] rebuilding @ http://localhost:3000/_next/static/chunks/03qy_next_dist_0crlga7._.js:2431
[    7114ms] [LOG] [Fast Refresh] done in 169ms @ http://localhost:3000/_next/static/chunks/03qy_next_dist_0crlga7._.js:2431
[   18988ms] [LOG] [Fast Refresh] rebuilding @ http://localhost:3000/_next/static/chunks/03qy_next_dist_0crlga7._.js:2431
[   19052ms] [LOG] [Fast Refresh] done in 167ms @ http://localhost:3000/_next/static/chunks/03qy_next_dist_0crlga7._.js:2431
[   26480ms] [LOG] [Fast Refresh] rebuilding @ http://localhost:3000/_next/static/chunks/03qy_next_dist_0crlga7._.js:2431
[   26482ms] [LOG] [Fast Refresh] done in 108ms @ http://localhost:3000/_next/static/chunks/03qy_next_dist_0crlga7._.js:2431
[   33040ms] [LOG] Delete comment: comment-1 @ http://localhost:3000/_next/static/chunks/03qy_next_dist_0crlga7._.js:2431
[   34184ms] [LOG] [Fast Refresh] rebuilding @ http://localhost:3000/_next/static/chunks/03qy_next_dist_0crlga7._.js:2431
[   34185ms] [LOG] [Fast Refresh] done in 107ms @ http://localhost:3000/_next/static/chunks/03qy_next_dist_0crlga7._.js:2431
