[     122ms] [LOG] [Fast Refresh] rebuilding @ http://localhost:3000/_next/static/chunks/03qy_next_dist_0crlga7._.js:2431
[     945ms] [LOG] [Fast Refresh] done in 934ms @ http://localhost:3000/_next/static/chunks/03qy_next_dist_0crlga7._.js:2431
[     959ms] [ERROR] Failed to load resource: the server responded with a status of 500 (Internal Server Error) @ http://localhost:3000/dev/comments:0
[    1037ms] [INFO] %cDownload the React DevTools for a better development experience: https://react.dev/link/react-devtools font-weight:bold @ http://localhost:3000/_next/static/chunks/03qy_next_dist_0crlga7._.js:2431
[    1066ms] [LOG] [HMR] connected @ http://localhost:3000/_next/static/chunks/03qy_next_dist_0crlga7._.js:2431
[    1212ms] Error: Invalid src prop (https://api.dicebear.com/7.x/avataaars/svg?seed=alice) on `next/image`, hostname "api.dicebear.com" is not configured under images in your `next.config.js`
See more info: https://nextjs.org/docs/messages/next-image-unconfigured-host
    at defaultLoader (http://localhost:3000/_next/static/chunks/03qy_next_06nrayp._.js:3036:49)
    at http://localhost:3000/_next/static/chunks/03qy_next_06nrayp._.js:460:39
    at Array.map (<anonymous>)
    at generateImgAttrs (http://localhost:3000/_next/static/chunks/03qy_next_06nrayp._.js:460:24)
    at getImgProps (http://localhost:3000/_next/static/chunks/03qy_next_06nrayp._.js:873:27)
    at http://localhost:3000/_next/static/chunks/03qy_next_06nrayp._.js:3439:82
    at Object.react_stack_bottom_frame (http://localhost:3000/_next/static/chunks/03qy_next_dist_compiled_react-dom_0.zskmz._.js:15037:24)
    at renderWithHooks (http://localhost:3000/_next/static/chunks/03qy_next_dist_compiled_react-dom_0.zskmz._.js:4620:24)
    at updateForwardRef (http://localhost:3000/_next/static/chunks/03qy_next_dist_compiled_react-dom_0.zskmz._.js:5908:21)
    at beginWork (http://localhost:3000/_next/static/chunks/03qy_next_dist_compiled_react-dom_0.zskmz._.js:6766:24)
    at runWithFiberInDEV (http://localhost:3000/_next/static/chunks/03qy_next_dist_compiled_react-dom_0.zskmz._.js:965:74)
    at performUnitOfWork (http://localhost:3000/_next/static/chunks/03qy_next_dist_compiled_react-dom_0.zskmz._.js:9555:97)
    at workLoopSync (http://localhost:3000/_next/static/chunks/03qy_next_dist_compiled_react-dom_0.zskmz._.js:9449:40)
    at renderRootSync (http://localhost:3000/_next/static/chunks/03qy_next_dist_compiled_react-dom_0.zskmz._.js:9433:13)
    at performWorkOnRoot (http://localhost:3000/_next/static/chunks/03qy_next_dist_compiled_react-dom_0.zskmz._.js:9098:47)
    at performWorkOnRootViaSchedulerTask (http://localhost:3000/_next/static/chunks/03qy_next_dist_compiled_react-dom_0.zskmz._.js:10255:9)
    at MessagePort.performWorkUntilDeadline (http://localhost:3000/_next/static/chunks/03qy_next_dist_compiled_09u7fr~._.js:2647:64)
[    1428ms] [LOG] [Fast Refresh] rebuilding @ http://localhost:3000/_next/static/chunks/03qy_next_dist_0crlga7._.js:2431
[    1490ms] [LOG] [Fast Refresh] done in 167ms @ http://localhost:3000/_next/static/chunks/03qy_next_dist_0crlga7._.js:2431
[    4449ms] [WARNING] The resource http://localhost:3000/_next/static/media/caa3a2e1cccd8315-s.p.16t1db8_9y2o~.woff2 was preloaded using link preload but not used within a few seconds from the window's load event. Please make sure it has an appropriate `as` value and it is preloaded intentionally. @ http://localhost:3000/dev/comments:0
[    4449ms] [WARNING] The resource http://localhost:3000/_next/static/media/797e433ab948586e-s.p.0.q-h669a_dqa.woff2 was preloaded using link preload but not used within a few seconds from the window's load event. Please make sure it has an appropriate `as` value and it is preloaded intentionally. @ http://localhost:3000/dev/comments:0
[   18722ms] [LOG] [Fast Refresh] rebuilding @ http://localhost:3000/_next/static/chunks/03qy_next_dist_0crlga7._.js:2431
[   29105ms] [LOG] [HMR] connected @ http://localhost:3000/_next/static/chunks/03qy_next_dist_0crlga7._.js:2431
[   32121ms] [WARNING] The resource http://localhost:3000/_next/static/media/caa3a2e1cccd8315-s.p.16t1db8_9y2o~.woff2 was preloaded using link preload but not used within a few seconds from the window's load event. Please make sure it has an appropriate `as` value and it is preloaded intentionally. @ http://localhost:3000/dev/comments:0
[   32122ms] [WARNING] The resource http://localhost:3000/_next/static/media/797e433ab948586e-s.p.0.q-h669a_dqa.woff2 was preloaded using link preload but not used within a few seconds from the window's load event. Please make sure it has an appropriate `as` value and it is preloaded intentionally. @ http://localhost:3000/dev/comments:0
[   35875ms] [INFO] %cDownload the React DevTools for a better development experience: https://react.dev/link/react-devtools font-weight:bold @ http://localhost:3000/_next/static/chunks/03qy_next_dist_0crlga7._.js:2431
[   36010ms] [LOG] [HMR] connected @ http://localhost:3000/_next/static/chunks/03qy_next_dist_0crlga7._.js:2431
[   36530ms] [ERROR] Failed to load resource: the server responded with a status of 400 (Bad Request) @ http://localhost:3000/_next/image?url=https%3A%2F%2Fapi.dicebear.com%2F7.x%2Favataaars%2Fsvg%3Fseed%3Dalice&w=32&q=75:0
[   36683ms] [ERROR] Failed to load resource: the server responded with a status of 400 (Bad Request) @ http://localhost:3000/_next/image?url=https%3A%2F%2Fapi.dicebear.com%2F7.x%2Favataaars%2Fsvg%3Fseed%3Dbob&w=32&q=75:0
[   36926ms] [ERROR] Failed to load resource: the server responded with a status of 400 (Bad Request) @ http://localhost:3000/_next/image?url=https%3A%2F%2Fapi.dicebear.com%2F7.x%2Favataaars%2Fsvg%3Fseed%3Deve&w=32&q=75:0
[   36931ms] [ERROR] Failed to load resource: the server responded with a status of 400 (Bad Request) @ http://localhost:3000/_next/image?url=https%3A%2F%2Fapi.dicebear.com%2F7.x%2Favataaars%2Fsvg%3Fseed%3Ddeleted&w=32&q=75:0
[   36937ms] [ERROR] Failed to load resource: the server responded with a status of 400 (Bad Request) @ http://localhost:3000/_next/image?url=https%3A%2F%2Fapi.dicebear.com%2F7.x%2Favataaars%2Fsvg%3Fseed%3Dcharlie&w=32&q=75:0
