[     128ms] [LOG] [Fast Refresh] rebuilding @ http://localhost:3000/_next/static/chunks/03qy_next_dist_0crlga7._.js:2431
[     145ms] [LOG] [Fast Refresh] done in 125ms @ http://localhost:3000/_next/static/chunks/03qy_next_dist_0crlga7._.js:2431
[     373ms] [INFO] %cDownload the React DevTools for a better development experience: https://react.dev/link/react-devtools font-weight:bold @ http://localhost:3000/_next/static/chunks/03qy_next_dist_0crlga7._.js:2431
[     460ms] [LOG] [HMR] connected @ http://localhost:3000/_next/static/chunks/03qy_next_dist_0crlga7._.js:2431
[     501ms] [ERROR] Failed to load resource: the server responded with a status of 404 (Not Found) @ http://localhost:3000/_next/image?url=https%3A%2F%2Fimages.unsplash.com%2Fphoto-1633356122544-f134324ef6db%3Fw%3D800%26h%3D400%26fit%3Dcrop&w=640&q=75:0
[     616ms] [ERROR] Failed to load resource: the server responded with a status of 400 (Bad Request) @ http://localhost:3000/_next/image?url=https%3A%2F%2Fapi.dicebear.com%2F7.x%2Favataaars%2Fsvg%3Fseed%3Dreact_master&w=32&q=75:0
[     617ms] [ERROR] Failed to load resource: the server responded with a status of 400 (Bad Request) @ http://localhost:3000/_next/image?url=https%3A%2F%2Fapi.dicebear.com%2F7.x%2Favataaars%2Fsvg%3Fseed%3Dnextjs_wizard&w=32&q=75:0
[     674ms] [ERROR] Failed to load resource: the server responded with a status of 400 (Bad Request) @ http://localhost:3000/_next/image?url=https%3A%2F%2Fapi.dicebear.com%2F7.x%2Favataaars%2Fsvg%3Fseed%3Dcss_expert&w=32&q=75:0
[     675ms] [ERROR] Failed to load resource: the server responded with a status of 400 (Bad Request) @ http://localhost:3000/_next/image?url=https%3A%2F%2Fapi.dicebear.com%2F7.x%2Favataaars%2Fsvg%3Fseed%3Dtypescript_guru&w=32&q=75:0
[     846ms] [LOG] [Fast Refresh] rebuilding @ http://localhost:3000/_next/static/chunks/03qy_next_dist_0crlga7._.js:2431
[     923ms] [LOG] [Fast Refresh] done in 186ms @ http://localhost:3000/_next/static/chunks/03qy_next_dist_0crlga7._.js:2431
[   43733ms] [LOG] [Fast Refresh] rebuilding @ http://localhost:3000/_next/static/chunks/03qy_next_dist_0crlga7._.js:2431
[   43798ms] [LOG] [Fast Refresh] done in 172ms @ http://localhost:3000/_next/static/chunks/03qy_next_dist_0crlga7._.js:2431
[   57039ms] [LOG] [Fast Refresh] rebuilding @ http://localhost:3000/_next/static/chunks/03qy_next_dist_0crlga7._.js:2431
[   57158ms] [ERROR] Failed to load resource: the server responded with a status of 400 (Bad Request) @ http://localhost:3000/_next/image?url=https%3A%2F%2Fapi.dicebear.com%2F7.x%2Favataaars%2Fsvg%3Fseed%3Dstate_manager&w=32&q=75:0
[   60290ms] [LOG] [Fast Refresh] done in 3360ms @ http://localhost:3000/_next/static/chunks/03qy_next_dist_0crlga7._.js:2431
[   62118ms] [LOG] [Fast Refresh] rebuilding @ http://localhost:3000/_next/static/chunks/03qy_next_dist_0crlga7._.js:2431
[   62161ms] [ERROR] %o

%s TypeError: Cannot read properties of undefined (reading 'publishedAt')
    at PostDetail (http://localhost:3000/_next/static/chunks/_0~8oxeg._.js:191:41)
    at Object.react_stack_bottom_frame (http://localhost:3000/_next/static/chunks/03qy_next_dist_compiled_react-dom_0.zskmz._.js:15037:24)
    at renderWithHooks (http://localhost:3000/_next/static/chunks/03qy_next_dist_compiled_react-dom_0.zskmz._.js:4620:24)
    at updateFunctionComponent (http://localhost:3000/_next/static/chunks/03qy_next_dist_compiled_react-dom_0.zskmz._.js:6081:21)
    at updateSimpleMemoComponent (http://localhost:3000/_next/static/chunks/03qy_next_dist_compiled_react-dom_0.zskmz._.js:5944:16)
    at updateMemoComponent (http://localhost:3000/_next/static/chunks/03qy_next_dist_compiled_react-dom_0.zskmz._.js:5919:302)
    at beginWork (http://localhost:3000/_next/static/chunks/03qy_next_dist_compiled_react-dom_0.zskmz._.js:6778:24)
    at runWithFiberInDEV (http://localhost:3000/_next/static/chunks/03qy_next_dist_compiled_react-dom_0.zskmz._.js:965:74)
    at performUnitOfWork (http://localhost:3000/_next/static/chunks/03qy_next_dist_compiled_react-dom_0.zskmz._.js:9555:97)
    at workLoopSync (http://localhost:3000/_next/static/chunks/03qy_next_dist_compiled_react-dom_0.zskmz._.js:9449:40)
    at renderRootSync (http://localhost:3000/_next/static/chunks/03qy_next_dist_compiled_react-dom_0.zskmz._.js:9433:13)
    at performWorkOnRoot (http://localhost:3000/_next/static/chunks/03qy_next_dist_compiled_react-dom_0.zskmz._.js:9098:47)
    at performWorkOnRootViaSchedulerTask (http://localhost:3000/_next/static/chunks/03qy_next_dist_compiled_react-dom_0.zskmz._.js:10255:9)
    at MessagePort.performWorkUntilDeadline (http://localhost:3000/_next/static/chunks/03qy_next_dist_compiled_09u7fr~._.js:2647:64) The above error occurred in the <PostDetail> component. It was handled by the <ErrorBoundaryHandler> error boundary. @ http://localhost:3000/_next/static/chunks/03qy_next_dist_client_0qnb8cp._.js:1998
[   62191ms] [LOG] [Fast Refresh] done in 195ms @ http://localhost:3000/_next/static/chunks/03qy_next_dist_0crlga7._.js:2431
[   62329ms] [LOG] [Fast Refresh] rebuilding @ http://localhost:3000/_next/static/chunks/03qy_next_dist_0crlga7._.js:2431
[   62383ms] [LOG] [Fast Refresh] done in 156ms @ http://localhost:3000/_next/static/chunks/03qy_next_dist_0crlga7._.js:2431
[   63118ms] [LOG] [Fast Refresh] rebuilding @ http://localhost:3000/_next/static/chunks/03qy_next_dist_0crlga7._.js:2431
[   63259ms] [LOG] [Fast Refresh] done in 246ms @ http://localhost:3000/_next/static/chunks/03qy_next_dist_0crlga7._.js:2431
