[    1000ms] [INFO] %cDownload the React DevTools for a better development experience: https://react.dev/link/react-devtools font-weight:bold @ http://localhost:3000/_next/static/chunks/03qy_next_dist_0crlga7._.js:2431
[    1687ms] [LOG] [HMR] connected @ http://localhost:3000/_next/static/chunks/03qy_next_dist_0crlga7._.js:2431
[    2102ms] [ERROR] %o

%s Error: Invalid src prop (https://images.unsplash.com/photo-1633356122544-f134324ef6db?w=800&h=400&fit=crop) on `next/image`, hostname "images.unsplash.com" is not configured under images in your `next.config.js`
See more info: https://nextjs.org/docs/messages/next-image-unconfigured-host
    at defaultLoader (http://localhost:3000/_next/static/chunks/node_modules__pnpm_13v~17l._.js:7315:49)
    at http://localhost:3000/_next/static/chunks/node_modules__pnpm_13v~17l._.js:4739:39
    at Array.map (<anonymous>)
    at generateImgAttrs (http://localhost:3000/_next/static/chunks/node_modules__pnpm_13v~17l._.js:4739:24)
    at getImgProps (http://localhost:3000/_next/static/chunks/node_modules__pnpm_13v~17l._.js:5152:27)
    at http://localhost:3000/_next/static/chunks/node_modules__pnpm_13v~17l._.js:7660:82
    at Object.react_stack_bottom_frame (http://localhost:3000/_next/static/chunks/03qy_next_dist_compiled_react-dom_0.zskmz._.js:15037:24)
    at renderWithHooks (http://localhost:3000/_next/static/chunks/03qy_next_dist_compiled_react-dom_0.zskmz._.js:4620:24)
    at updateForwardRef (http://localhost:3000/_next/static/chunks/03qy_next_dist_compiled_react-dom_0.zskmz._.js:5908:21)
    at beginWork (http://localhost:3000/_next/static/chunks/03qy_next_dist_compiled_react-dom_0.zskmz._.js:6766:24)
    at runWithFiberInDEV (http://localhost:3000/_next/static/chunks/03qy_next_dist_compiled_react-dom_0.zskmz._.js:965:74)
    at performUnitOfWork (http://localhost:3000/_next/static/chunks/03qy_next_dist_compiled_react-dom_0.zskmz._.js:9555:97)
    at workLoopSync (http://localhost:3000/_next/static/chunks/03qy_next_dist_compiled_react-dom_0.zskmz._.js:9449:40)
    at renderRootSync (http://localhost:3000/_next/static/chunks/03qy_next_dist_compiled_react-dom_0.zskmz._.js:9433:13)
    at performWorkOnRoot (http://localhost:3000/_next/static/chunks/03qy_next_dist_compiled_react-dom_0.zskmz._.js:9098:47)
    at performSyncWorkOnRoot (http://localhost:3000/_next/static/chunks/03qy_next_dist_compiled_react-dom_0.zskmz._.js:10263:9)
    at flushSyncWorkAcrossRoots_impl (http://localhost:3000/_next/static/chunks/03qy_next_dist_compiled_react-dom_0.zskmz._.js:10179:316)
    at flushPassiveEffects (http://localhost:3000/_next/static/chunks/03qy_next_dist_compiled_react-dom_0.zskmz._.js:10008:13)
    at http://localhost:3000/_next/static/chunks/03qy_next_dist_compiled_react-dom_0.zskmz._.js:9724:13
    at MessagePort.performWorkUntilDeadline (http://localhost:3000/_next/static/chunks/03qy_next_dist_compiled_09u7fr~._.js:2647:64) The above error occurred in the <Unknown> component. It was handled by the <ErrorBoundaryHandler> error boundary. @ http://localhost:3000/_next/static/chunks/03qy_next_dist_client_0qnb8cp._.js:1998
[   16430ms] [LOG] [Fast Refresh] rebuilding @ http://localhost:3000/_next/static/chunks/03qy_next_dist_0crlga7._.js:2431
[   23872ms] [LOG] [HMR] connected @ http://localhost:3000/_next/static/chunks/03qy_next_dist_0crlga7._.js:2431
[   27096ms] [INFO] %cDownload the React DevTools for a better development experience: https://react.dev/link/react-devtools font-weight:bold @ http://localhost:3000/_next/static/chunks/03qy_next_dist_0crlga7._.js:2431
[   27183ms] [LOG] [HMR] connected @ http://localhost:3000/_next/static/chunks/03qy_next_dist_0crlga7._.js:2431
[   27818ms] [ERROR] Failed to load resource: the server responded with a status of 404 (Not Found) @ http://localhost:3000/_next/image?url=https%3A%2F%2Fimages.unsplash.com%2Fphoto-1633356122544-f134324ef6db%3Fw%3D800%26h%3D400%26fit%3Dcrop&w=750&q=75:0
[   28094ms] [ERROR] Failed to load resource: the server responded with a status of 400 (Bad Request) @ http://localhost:3000/_next/image?url=https%3A%2F%2Fapi.dicebear.com%2F7.x%2Favataaars%2Fsvg%3Fseed%3Dreact_master&w=32&q=75:0
[   28332ms] [ERROR] Failed to load resource: the server responded with a status of 400 (Bad Request) @ http://localhost:3000/_next/image?url=https%3A%2F%2Fapi.dicebear.com%2F7.x%2Favataaars%2Fsvg%3Fseed%3Dtypescript_guru&w=32&q=75:0
[   28336ms] [ERROR] Failed to load resource: the server responded with a status of 400 (Bad Request) @ http://localhost:3000/_next/image?url=https%3A%2F%2Fapi.dicebear.com%2F7.x%2Favataaars%2Fsvg%3Fseed%3Dcss_expert&w=32&q=75:0
[   28339ms] [ERROR] Failed to load resource: the server responded with a status of 400 (Bad Request) @ http://localhost:3000/_next/image?url=https%3A%2F%2Fapi.dicebear.com%2F7.x%2Favataaars%2Fsvg%3Fseed%3Dnextjs_wizard&w=32&q=75:0
[   43347ms] [ERROR] Failed to load resource: the server responded with a status of 400 (Bad Request) @ http://localhost:3000/_next/image?url=https%3A%2F%2Fapi.dicebear.com%2F7.x%2Favataaars%2Fsvg%3Fseed%3Dstate_manager&w=32&q=75:0
[   45960ms] [ERROR] Failed to load resource: the server responded with a status of 404 (Not Found) @ http://localhost:3000/_next/image?url=https%3A%2F%2Fimages.unsplash.com%2Fphoto-1633356122544-f134324ef6db%3Fw%3D800%26h%3D400%26fit%3Dcrop&w=640&q=75:0
[   59726ms] [ERROR] WebSocket connection to 'ws://localhost:3000/_next/webpack-hmr?id=aC4ObPqtKTC2q_2S6rURM' failed: Error in connection establishment: net::ERR_CONNECTION_REFUSED @ http://localhost:3000/_next/static/chunks/03qy_next_dist_client_0qnb8cp._.js:13299
[   63061ms] [ERROR] WebSocket connection to 'ws://localhost:3000/_next/webpack-hmr?id=aC4ObPqtKTC2q_2S6rURM' failed: Error in connection establishment: net::ERR_CONNECTION_REFUSED @ http://localhost:3000/_next/static/chunks/03qy_next_dist_client_0qnb8cp._.js:13299
[   66393ms] [ERROR] WebSocket connection to 'ws://localhost:3000/_next/webpack-hmr?id=aC4ObPqtKTC2q_2S6rURM' failed: Error in connection establishment: net::ERR_CONNECTION_REFUSED @ http://localhost:3000/_next/static/chunks/03qy_next_dist_client_0qnb8cp._.js:13299
[   69780ms] [ERROR] WebSocket connection to 'ws://localhost:3000/_next/webpack-hmr?id=aC4ObPqtKTC2q_2S6rURM' failed: Error in connection establishment: net::ERR_CONNECTION_REFUSED @ http://localhost:3000/_next/static/chunks/03qy_next_dist_client_0qnb8cp._.js:13299
[   72936ms] [LOG] [HMR] connected @ http://localhost:3000/_next/static/chunks/03qy_next_dist_0crlga7._.js:2431
[   74757ms] [INFO] %cDownload the React DevTools for a better development experience: https://react.dev/link/react-devtools font-weight:bold @ http://localhost:3000/_next/static/chunks/03qy_next_dist_0crlga7._.js:2431
[   74858ms] [LOG] [HMR] connected @ http://localhost:3000/_next/static/chunks/03qy_next_dist_0crlga7._.js:2431
[   75229ms] [ERROR] Failed to load resource: the server responded with a status of 404 (Not Found) @ http://localhost:3000/_next/image?url=https%3A%2F%2Fimages.unsplash.com%2Fphoto-1633356122544-f134324ef6db%3Fw%3D800%26h%3D400%26fit%3Dcrop&w=640&q=75:0
[   75287ms] [ERROR] Failed to load resource: the server responded with a status of 400 (Bad Request) @ http://localhost:3000/_next/image?url=https%3A%2F%2Fapi.dicebear.com%2F7.x%2Favataaars%2Fsvg%3Fseed%3Dreact_master&w=32&q=75:0
[   75295ms] [ERROR] Failed to load resource: the server responded with a status of 400 (Bad Request) @ http://localhost:3000/_next/image?url=https%3A%2F%2Fapi.dicebear.com%2F7.x%2Favataaars%2Fsvg%3Fseed%3Dtypescript_guru&w=32&q=75:0
[   75316ms] [ERROR] Failed to load resource: the server responded with a status of 400 (Bad Request) @ http://localhost:3000/_next/image?url=https%3A%2F%2Fapi.dicebear.com%2F7.x%2Favataaars%2Fsvg%3Fseed%3Dnextjs_wizard&w=32&q=75:0
[   75332ms] [ERROR] Failed to load resource: the server responded with a status of 400 (Bad Request) @ http://localhost:3000/_next/image?url=https%3A%2F%2Fapi.dicebear.com%2F7.x%2Favataaars%2Fsvg%3Fseed%3Dcss_expert&w=32&q=75:0
