[    1071ms] [VERBOSE] [DOM] Input elements should have autocomplete attributes (suggested: "current-password"): (More info: https://goo.gl/9p2vKq) %o @ http://localhost:3000/login:0
[    1111ms] [INFO] %cDownload the React DevTools for a better development experience: https://react.dev/link/react-devtools font-weight:bold @ http://localhost:3000/_next/static/chunks/03qy_next_dist_0crlga7._.js:2431
[    1177ms] [LOG] [HMR] connected @ http://localhost:3000/_next/static/chunks/03qy_next_dist_0crlga7._.js:2431
[    1574ms] [LOG] [Fast Refresh] rebuilding @ http://localhost:3000/_next/static/chunks/03qy_next_dist_0crlga7._.js:2431
[    1732ms] [LOG] [Fast Refresh] done in 267ms @ http://localhost:3000/_next/static/chunks/03qy_next_dist_0crlga7._.js:2431
[   25623ms] [LOG] [Fast Refresh] rebuilding @ http://localhost:3000/_next/static/chunks/03qy_next_dist_0crlga7._.js:2431
[   25633ms] [LOG] [Fast Refresh] done in 120ms @ http://localhost:3000/_next/static/chunks/03qy_next_dist_0crlga7._.js:2431
[   34829ms] [LOG] [Fast Refresh] rebuilding @ http://localhost:3000/_next/static/chunks/03qy_next_dist_0crlga7._.js:2431
[   34891ms] [LOG] [Fast Refresh] done in 164ms @ http://localhost:3000/_next/static/chunks/03qy_next_dist_0crlga7._.js:2431
[   41977ms] [LOG] [Fast Refresh] rebuilding @ http://localhost:3000/_next/static/chunks/03qy_next_dist_0crlga7._.js:2431
[   41985ms] [LOG] [Fast Refresh] done in 109ms @ http://localhost:3000/_next/static/chunks/03qy_next_dist_0crlga7._.js:2431
[   42266ms] [WARNING] Detected `scroll-behavior: smooth` on the `<html>` element. To disable smooth scrolling during route transitions, add `data-scroll-behavior="smooth"` to your <html> element. Learn more: https://nextjs.org/docs/messages/missing-data-scroll-behavior @ http://localhost:3000/_next/static/chunks/03qy_next_dist_0crlga7._.js:2431
[   42802ms] [ERROR] Failed to load resource: the server responded with a status of 404 (Not Found) @ http://localhost:3000/_next/image?url=https%3A%2F%2Fimages.unsplash.com%2Fphoto-1633356122544-f134324ef6db%3Fw%3D800%26h%3D400%26fit%3Dcrop&w=640&q=75:0
[   43983ms] [LOG] [Fast Refresh] rebuilding @ http://localhost:3000/_next/static/chunks/03qy_next_dist_0crlga7._.js:2431
[   44127ms] [LOG] [Fast Refresh] done in 258ms @ http://localhost:3000/_next/static/chunks/03qy_next_dist_0crlga7._.js:2431
[   58418ms] [LOG] [Fast Refresh] rebuilding @ http://localhost:3000/_next/static/chunks/03qy_next_dist_0crlga7._.js:2431
[   59088ms] [WARNING] %c%s%c background: #e6e6e6;background: light-dark(rgba(0,0,0,0.1), rgba(255,255,255,0.25));color: #000000;color: light-dark(#000000, #ffffff);border-radius: 2px  Server   Error: Route "/[username]/[slug]" used `params.username`. `params` is a Promise and must be unwrapped with `await` or `React.use()` before accessing its properties. Learn more: https://nextjs.org/docs/messages/sync-dynamic-apis
    at PostPage (about://React/Server/C:%5CUsers%5Cbhong029%5CDesktop%5C%EA%B3%B5%EB%B6%80%5CvibeCoding%5Cfrontend%5C.next%5Cdev%5Cserver%5Cchunks%5Cssr%5C_0z5~n5u._.js?49:73:66)
    at resolveErrorDev (http://localhost:3000/_next/static/chunks/03qy_next_dist_compiled_react-server-dom-turbopack_00a4_pr._.js:1919:105)
    at getOutlinedModel (http://localhost:3000/_next/static/chunks/03qy_next_dist_compiled_react-server-dom-turbopack_00a4_pr._.js:1469:28)
    at parseModelString (http://localhost:3000/_next/static/chunks/03qy_next_dist_compiled_react-server-dom-turbopack_00a4_pr._.js:1584:50)
    at reviveModel (http://localhost:3000/_next/static/chunks/03qy_next_dist_compiled_react-server-dom-turbopack_00a4_pr._.js:2522:66)
    at parseModel (http://localhost:3000/_next/static/chunks/03qy_next_dist_compiled_react-server-dom-turbopack_00a4_pr._.js:2517:16)
    at initializeModelChunk (http://localhost:3000/_next/static/chunks/03qy_next_dist_compiled_react-server-dom-turbopack_00a4_pr._.js:1084:25)
    at getOutlinedModel (http://localhost:3000/_next/static/chunks/03qy_next_dist_compiled_react-server-dom-turbopack_00a4_pr._.js:1407:17)
    at parseModelString (http://localhost:3000/_next/static/chunks/03qy_next_dist_compiled_react-server-dom-turbopack_00a4_pr._.js:1639:50)
    at reviveModel (http://localhost:3000/_next/static/chunks/03qy_next_dist_compiled_react-server-dom-turbopack_00a4_pr._.js:2522:66)
    at reviveModel (http://localhost:3000/_next/static/chunks/03qy_next_dist_compiled_react-server-dom-turbopack_00a4_pr._.js:2525:61)
    at parseModel (http://localhost:3000/_next/static/chunks/03qy_next_dist_compiled_react-server-dom-turbopack_00a4_pr._.js:2517:16)
    at initializeModelChunk (http://localhost:3000/_next/static/chunks/03qy_next_dist_compiled_react-server-dom-turbopack_00a4_pr._.js:1084:25)
    at resolveConsoleEntry (http://localhost:3000/_next/static/chunks/03qy_next_dist_compiled_react-server-dom-turbopack_00a4_pr._.js:2047:96)
    at processFullStringRow (http://localhost:3000/_next/static/chunks/03qy_next_dist_compiled_react-server-dom-turbopack_00a4_pr._.js:2453:17)
    at processFullBinaryRow (http://localhost:3000/_next/static/chunks/03qy_next_dist_compiled_react-server-dom-turbopack_00a4_pr._.js:2393:9)
    at processBinaryChunk (http://localhost:3000/_next/static/chunks/03qy_next_dist_compiled_react-server-dom-turbopack_00a4_pr._.js:2502:221)
    at progress (http://localhost:3000/_next/static/chunks/03qy_next_dist_compiled_react-server-dom-turbopack_00a4_pr._.js:2676:20) @ http://localhost:3000/_next/static/chunks/03qy_next_dist_0crlga7._.js:2431
[   59090ms] [LOG] [Fast Refresh] done in 781ms @ http://localhost:3000/_next/static/chunks/03qy_next_dist_0crlga7._.js:2431
[   59434ms] [ERROR] Failed to load resource: the server responded with a status of 404 (Not Found) @ http://localhost:3000/_next/image?url=https%3A%2F%2Fimages.unsplash.com%2Fphoto-1633356122544-f134324ef6db%3Fw%3D1200%26h%3D600%26fit%3Dcrop&w=1920&q=75:0
[   60571ms] [LOG] [Fast Refresh] rebuilding @ http://localhost:3000/_next/static/chunks/03qy_next_dist_0crlga7._.js:2431
[   60634ms] [LOG] [Fast Refresh] done in 166ms @ http://localhost:3000/_next/static/chunks/03qy_next_dist_0crlga7._.js:2431
[   71589ms] [LOG] [Fast Refresh] rebuilding @ http://localhost:3000/_next/static/chunks/03qy_next_dist_0crlga7._.js:2431
[   71606ms] [LOG] [Fast Refresh] done in 117ms @ http://localhost:3000/_next/static/chunks/03qy_next_dist_0crlga7._.js:2431
[  115588ms] [LOG] [Fast Refresh] rebuilding @ http://localhost:3000/_next/static/chunks/03qy_next_dist_0crlga7._.js:2431
[  115682ms] [LOG] [Fast Refresh] done in 159ms @ http://localhost:3000/_next/static/chunks/03qy_next_dist_0crlga7._.js:2431
[  123551ms] [LOG] [Fast Refresh] rebuilding @ http://localhost:3000/_next/static/chunks/03qy_next_dist_0crlga7._.js:2431
[  123567ms] [LOG] [Fast Refresh] done in 119ms @ http://localhost:3000/_next/static/chunks/03qy_next_dist_0crlga7._.js:2431
[  133053ms] [LOG] [Fast Refresh] rebuilding @ http://localhost:3000/_next/static/chunks/03qy_next_dist_0crlga7._.js:2431
[  133117ms] [LOG] [Fast Refresh] done in 167ms @ http://localhost:3000/_next/static/chunks/03qy_next_dist_0crlga7._.js:2431
[  134035ms] [LOG] [Fast Refresh] rebuilding @ http://localhost:3000/_next/static/chunks/03qy_next_dist_0crlga7._.js:2431
[  134037ms] [LOG] [Fast Refresh] done in 110ms @ http://localhost:3000/_next/static/chunks/03qy_next_dist_0crlga7._.js:2431
[  135184ms] [LOG] [Fast Refresh] rebuilding @ http://localhost:3000/_next/static/chunks/03qy_next_dist_0crlga7._.js:2431
[  135185ms] [LOG] [Fast Refresh] done in 108ms @ http://localhost:3000/_next/static/chunks/03qy_next_dist_0crlga7._.js:2431
[  158210ms] [LOG] [Fast Refresh] rebuilding @ http://localhost:3000/_next/static/chunks/03qy_next_dist_0crlga7._.js:2431
[  158212ms] [LOG] [Fast Refresh] done in 107ms @ http://localhost:3000/_next/static/chunks/03qy_next_dist_0crlga7._.js:2431
