[     187ms] [LOG] [Fast Refresh] rebuilding @ http://localhost:3000/_next/static/chunks/03qy_next_dist_0crlga7._.js:2431
[     301ms] [LOG] [Fast Refresh] done in 250ms @ http://localhost:3000/_next/static/chunks/03qy_next_dist_0crlga7._.js:2431
[     393ms] [ERROR] Failed to load resource: the server responded with a status of 404 (Not Found) @ http://localhost:3000/components:0
[     779ms] [INFO] %cDownload the React DevTools for a better development experience: https://react.dev/link/react-devtools font-weight:bold @ http://localhost:3000/_next/static/chunks/03qy_next_dist_0crlga7._.js:2431
[     862ms] [LOG] [HMR] connected @ http://localhost:3000/_next/static/chunks/03qy_next_dist_0crlga7._.js:2431
[    1378ms] [LOG] [Fast Refresh] rebuilding @ http://localhost:3000/_next/static/chunks/03qy_next_dist_0crlga7._.js:2431
[    1806ms] [LOG] [Fast Refresh] done in 530ms @ http://localhost:3000/_next/static/chunks/03qy_next_dist_0crlga7._.js:2431
[    1962ms] [LOG] [Fast Refresh] rebuilding @ http://localhost:3000/_next/static/chunks/03qy_next_dist_0crlga7._.js:2431
[    2046ms] [LOG] [Fast Refresh] done in 186ms @ http://localhost:3000/_next/static/chunks/03qy_next_dist_0crlga7._.js:2431
[   15571ms] [LOG] [Fast Refresh] rebuilding @ http://localhost:3000/_next/static/chunks/03qy_next_dist_0crlga7._.js:2431
[   15696ms] [LOG] [Fast Refresh] done in 231ms @ http://localhost:3000/_next/static/chunks/03qy_next_dist_0crlga7._.js:2431
[  283682ms] [LOG] [Fast Refresh] rebuilding @ http://localhost:3000/_next/static/chunks/03qy_next_dist_0crlga7._.js:2431
[  283993ms] [LOG] [Fast Refresh] done in 436ms @ http://localhost:3000/_next/static/chunks/03qy_next_dist_0crlga7._.js:2431
[  344775ms] [LOG] [Fast Refresh] rebuilding @ http://localhost:3000/_next/static/chunks/03qy_next_dist_0crlga7._.js:2431
[  345029ms] [LOG] [Fast Refresh] done in 358ms @ http://localhost:3000/_next/static/chunks/03qy_next_dist_0crlga7._.js:2431
[  547668ms] [LOG] [Fast Refresh] rebuilding @ http://localhost:3000/_next/static/chunks/03qy_next_dist_0crlga7._.js:2431
[  547795ms] [LOG] [Fast Refresh] done in 241ms @ http://localhost:3000/_next/static/chunks/03qy_next_dist_0crlga7._.js:2431
[  551192ms] [LOG] [Fast Refresh] rebuilding @ http://localhost:3000/_next/static/chunks/03qy_next_dist_0crlga7._.js:2431
[  551255ms] [LOG] [Fast Refresh] done in 167ms @ http://localhost:3000/_next/static/chunks/03qy_next_dist_0crlga7._.js:2431
[  655139ms] [LOG] [Fast Refresh] rebuilding @ http://localhost:3000/_next/static/chunks/03qy_next_dist_0crlga7._.js:2431
[  655203ms] [LOG] [Fast Refresh] done in 167ms @ http://localhost:3000/_next/static/chunks/03qy_next_dist_0crlga7._.js:2431
[  746137ms] [LOG] [Fast Refresh] rebuilding @ http://localhost:3000/_next/static/chunks/03qy_next_dist_0crlga7._.js:2431
[  746250ms] [LOG] [Fast Refresh] done in 220ms @ http://localhost:3000/_next/static/chunks/03qy_next_dist_0crlga7._.js:2431
